<?xml version="1.0" encoding="UTF-8"?>
<!-- Generated by org.testng.reporters.JUnitReportReporter -->
<testsuite hostname="Sandeep" name="test.TestRunner" tests="1" failures="0" timestamp="29 Sep 2018 08:20:11 GMT" time="12.095" errors="0">
  <testcase name="Scenario1" time="12.095" classname="test.TestRunner"/>
</testsuite> <!-- test.TestRunner -->
