<?xml version="1.0" encoding="UTF-8"?>
<!-- Generated by org.testng.reporters.JUnitReportReporter -->
<testsuite hostname="Sandeep" name="test.TestRunner" tests="1" failures="0" timestamp="30 Sep 2018 10:07:55 GMT" time="10.980" errors="0">
  <testcase name="Scenario1" time="10.980" classname="test.TestRunner"/>
</testsuite> <!-- test.TestRunner -->
